1732097808.571298 client started (38289): version 3.4, socket /tmp/tmux-1000/default, protocol 8
1732097808.571336 on Linux 6.8.0-48-generic #48-Ubuntu SMP PREEMPT_DYNAMIC Fri Sep 27 14:04:52 UTC 2024
1732097808.571343 using libevent 2.1.12-stable poll
1732097808.571347 using ncurses 6.4 20240113
1732097808.571368 flags are 0x10010000
1732097808.571385 socket is /tmp/tmux-1000/default
1732097808.571402 trying connect
1732097808.571500 add peer 0x5f8ff9877640: 6 ((nil))
1732097808.571985 sending message 100 to peer 0x5f8ff9877640 (4 bytes)
1732097808.572020 sending message 111 to peer 0x5f8ff9877640 (8 bytes)
1732097808.572026 sending message 101 to peer 0x5f8ff9877640 (14 bytes)
1732097808.572030 sending message 109 to peer 0x5f8ff9877640 (4 bytes)
1732097808.572033 sending message 102 to peer 0x5f8ff9877640 (11 bytes)
1732097808.572036 sending message 108 to peer 0x5f8ff9877640 (49 bytes)
1732097808.572040 sending message 112 to peer 0x5f8ff9877640 (70 bytes)
1732097808.572045 sending message 112 to peer 0x5f8ff9877640 (5 bytes)
1732097808.572048 sending message 112 to peer 0x5f8ff9877640 (5 bytes)
1732097808.572051 sending message 112 to peer 0x5f8ff9877640 (6 bytes)
1732097808.572055 sending message 112 to peer 0x5f8ff9877640 (6 bytes)
1732097808.572058 sending message 112 to peer 0x5f8ff9877640 (11 bytes)
1732097808.572061 sending message 112 to peer 0x5f8ff9877640 (10 bytes)
1732097808.572064 sending message 112 to peer 0x5f8ff9877640 (13 bytes)
1732097808.572067 sending message 112 to peer 0x5f8ff9877640 (13 bytes)
1732097808.572070 sending message 112 to peer 0x5f8ff9877640 (18 bytes)
1732097808.572073 sending message 112 to peer 0x5f8ff9877640 (11 bytes)
1732097808.572075 sending message 112 to peer 0x5f8ff9877640 (10 bytes)
1732097808.572078 sending message 112 to peer 0x5f8ff9877640 (15 bytes)
1732097808.572081 sending message 112 to peer 0x5f8ff9877640 (21 bytes)
1732097808.572084 sending message 112 to peer 0x5f8ff9877640 (13 bytes)
1732097808.572087 sending message 112 to peer 0x5f8ff9877640 (7 bytes)
1732097808.572090 sending message 112 to peer 0x5f8ff9877640 (13 bytes)
1732097808.572093 sending message 112 to peer 0x5f8ff9877640 (7 bytes)
1732097808.572097 sending message 112 to peer 0x5f8ff9877640 (13 bytes)
1732097808.572100 sending message 112 to peer 0x5f8ff9877640 (9 bytes)
1732097808.572103 sending message 112 to peer 0x5f8ff9877640 (21 bytes)
1732097808.572106 sending message 112 to peer 0x5f8ff9877640 (13 bytes)
1732097808.572109 sending message 112 to peer 0x5f8ff9877640 (8 bytes)
1732097808.572113 sending message 112 to peer 0x5f8ff9877640 (12 bytes)
1732097808.572116 sending message 112 to peer 0x5f8ff9877640 (13 bytes)
1732097808.572119 sending message 112 to peer 0x5f8ff9877640 (9 bytes)
1732097808.572122 sending message 112 to peer 0x5f8ff9877640 (9 bytes)
1732097808.572126 sending message 112 to peer 0x5f8ff9877640 (12 bytes)
1732097808.572129 sending message 112 to peer 0x5f8ff9877640 (8 bytes)
1732097808.572133 sending message 112 to peer 0x5f8ff9877640 (8 bytes)
1732097808.572136 sending message 112 to peer 0x5f8ff9877640 (7 bytes)
1732097808.572139 sending message 112 to peer 0x5f8ff9877640 (7 bytes)
1732097808.572142 sending message 112 to peer 0x5f8ff9877640 (9 bytes)
1732097808.572145 sending message 112 to peer 0x5f8ff9877640 (13 bytes)
1732097808.572148 sending message 112 to peer 0x5f8ff9877640 (6 bytes)
1732097808.572151 sending message 112 to peer 0x5f8ff9877640 (9 bytes)
1732097808.572155 sending message 112 to peer 0x5f8ff9877640 (15 bytes)
1732097808.572158 sending message 112 to peer 0x5f8ff9877640 (13 bytes)
1732097808.572161 sending message 112 to peer 0x5f8ff9877640 (12 bytes)
1732097808.572164 sending message 112 to peer 0x5f8ff9877640 (8 bytes)
1732097808.572167 sending message 112 to peer 0x5f8ff9877640 (14 bytes)
1732097808.572170 sending message 112 to peer 0x5f8ff9877640 (11 bytes)
1732097808.572173 sending message 112 to peer 0x5f8ff9877640 (9 bytes)
1732097808.572177 sending message 112 to peer 0x5f8ff9877640 (10 bytes)
1732097808.572180 sending message 112 to peer 0x5f8ff9877640 (10 bytes)
1732097808.572198 sending message 112 to peer 0x5f8ff9877640 (10 bytes)
1732097808.572201 sending message 112 to peer 0x5f8ff9877640 (10 bytes)
1732097808.572204 sending message 112 to peer 0x5f8ff9877640 (11 bytes)
1732097808.572208 sending message 112 to peer 0x5f8ff9877640 (12 bytes)
1732097808.572211 sending message 112 to peer 0x5f8ff9877640 (12 bytes)
1732097808.572215 sending message 112 to peer 0x5f8ff9877640 (12 bytes)
1732097808.572218 sending message 112 to peer 0x5f8ff9877640 (12 bytes)
1732097808.572222 sending message 112 to peer 0x5f8ff9877640 (12 bytes)
1732097808.572225 sending message 112 to peer 0x5f8ff9877640 (11 bytes)
1732097808.572228 sending message 112 to peer 0x5f8ff9877640 (11 bytes)
1732097808.572231 sending message 112 to peer 0x5f8ff9877640 (12 bytes)
1732097808.572234 sending message 112 to peer 0x5f8ff9877640 (12 bytes)
1732097808.572237 sending message 112 to peer 0x5f8ff9877640 (12 bytes)
1732097808.572240 sending message 112 to peer 0x5f8ff9877640 (12 bytes)
1732097808.572244 sending message 112 to peer 0x5f8ff9877640 (12 bytes)
1732097808.572247 sending message 112 to peer 0x5f8ff9877640 (10 bytes)
1732097808.572250 sending message 112 to peer 0x5f8ff9877640 (12 bytes)
1732097808.572254 sending message 112 to peer 0x5f8ff9877640 (13 bytes)
1732097808.572257 sending message 112 to peer 0x5f8ff9877640 (13 bytes)
1732097808.572259 sending message 112 to peer 0x5f8ff9877640 (13 bytes)
1732097808.572262 sending message 112 to peer 0x5f8ff9877640 (13 bytes)
1732097808.572265 sending message 112 to peer 0x5f8ff9877640 (13 bytes)
1732097808.572267 sending message 112 to peer 0x5f8ff9877640 (8 bytes)
1732097808.572271 sending message 112 to peer 0x5f8ff9877640 (11 bytes)
1732097808.572274 sending message 112 to peer 0x5f8ff9877640 (11 bytes)
1732097808.572278 sending message 112 to peer 0x5f8ff9877640 (11 bytes)
1732097808.572281 sending message 112 to peer 0x5f8ff9877640 (12 bytes)
1732097808.572283 sending message 112 to peer 0x5f8ff9877640 (12 bytes)
1732097808.572286 sending message 112 to peer 0x5f8ff9877640 (12 bytes)
1732097808.572289 sending message 112 to peer 0x5f8ff9877640 (12 bytes)
1732097808.572291 sending message 112 to peer 0x5f8ff9877640 (13 bytes)
1732097808.572294 sending message 112 to peer 0x5f8ff9877640 (13 bytes)
1732097808.572296 sending message 112 to peer 0x5f8ff9877640 (13 bytes)
1732097808.572299 sending message 112 to peer 0x5f8ff9877640 (8 bytes)
1732097808.572303 sending message 112 to peer 0x5f8ff9877640 (13 bytes)
1732097808.572306 sending message 112 to peer 0x5f8ff9877640 (13 bytes)
1732097808.572309 sending message 112 to peer 0x5f8ff9877640 (13 bytes)
1732097808.572311 sending message 112 to peer 0x5f8ff9877640 (13 bytes)
1732097808.572314 sending message 112 to peer 0x5f8ff9877640 (13 bytes)
1732097808.572317 sending message 112 to peer 0x5f8ff9877640 (12 bytes)
1732097808.572319 sending message 112 to peer 0x5f8ff9877640 (12 bytes)
1732097808.572322 sending message 112 to peer 0x5f8ff9877640 (12 bytes)
1732097808.572325 sending message 112 to peer 0x5f8ff9877640 (12 bytes)
1732097808.572327 sending message 112 to peer 0x5f8ff9877640 (13 bytes)
1732097808.572330 sending message 112 to peer 0x5f8ff9877640 (8 bytes)
1732097808.572334 sending message 112 to peer 0x5f8ff9877640 (13 bytes)
1732097808.572337 sending message 112 to peer 0x5f8ff9877640 (13 bytes)
1732097808.572340 sending message 112 to peer 0x5f8ff9877640 (13 bytes)
1732097808.572343 sending message 112 to peer 0x5f8ff9877640 (13 bytes)
1732097808.572346 sending message 112 to peer 0x5f8ff9877640 (13 bytes)
1732097808.572349 sending message 112 to peer 0x5f8ff9877640 (13 bytes)
1732097808.572352 sending message 112 to peer 0x5f8ff9877640 (13 bytes)
1732097808.572354 sending message 112 to peer 0x5f8ff9877640 (12 bytes)
1732097808.572357 sending message 112 to peer 0x5f8ff9877640 (12 bytes)
1732097808.572360 sending message 112 to peer 0x5f8ff9877640 (12 bytes)
1732097808.572362 sending message 112 to peer 0x5f8ff9877640 (8 bytes)
1732097808.572366 sending message 112 to peer 0x5f8ff9877640 (12 bytes)
1732097808.572378 sending message 112 to peer 0x5f8ff9877640 (13 bytes)
1732097808.572382 sending message 112 to peer 0x5f8ff9877640 (13 bytes)
1732097808.572385 sending message 112 to peer 0x5f8ff9877640 (13 bytes)
1732097808.572388 sending message 112 to peer 0x5f8ff9877640 (13 bytes)
1732097808.572390 sending message 112 to peer 0x5f8ff9877640 (13 bytes)
1732097808.572393 sending message 112 to peer 0x5f8ff9877640 (13 bytes)
1732097808.572396 sending message 112 to peer 0x5f8ff9877640 (13 bytes)
1732097808.572399 sending message 112 to peer 0x5f8ff9877640 (13 bytes)
1732097808.572401 sending message 112 to peer 0x5f8ff9877640 (12 bytes)
1732097808.572404 sending message 112 to peer 0x5f8ff9877640 (10 bytes)
1732097808.572407 sending message 112 to peer 0x5f8ff9877640 (12 bytes)
1732097808.572409 sending message 112 to peer 0x5f8ff9877640 (12 bytes)
1732097808.572412 sending message 112 to peer 0x5f8ff9877640 (12 bytes)
1732097808.572415 sending message 112 to peer 0x5f8ff9877640 (13 bytes)
1732097808.572417 sending message 112 to peer 0x5f8ff9877640 (13 bytes)
1732097808.572420 sending message 112 to peer 0x5f8ff9877640 (13 bytes)
1732097808.572423 sending message 112 to peer 0x5f8ff9877640 (13 bytes)
1732097808.572426 sending message 112 to peer 0x5f8ff9877640 (13 bytes)
1732097808.572428 sending message 112 to peer 0x5f8ff9877640 (13 bytes)
1732097808.572431 sending message 112 to peer 0x5f8ff9877640 (13 bytes)
1732097808.572434 sending message 112 to peer 0x5f8ff9877640 (10 bytes)
1732097808.572436 sending message 112 to peer 0x5f8ff9877640 (13 bytes)
1732097808.572439 sending message 112 to peer 0x5f8ff9877640 (12 bytes)
1732097808.572442 sending message 112 to peer 0x5f8ff9877640 (12 bytes)
1732097808.572444 sending message 112 to peer 0x5f8ff9877640 (12 bytes)
1732097808.572447 sending message 112 to peer 0x5f8ff9877640 (10 bytes)
1732097808.572449 sending message 112 to peer 0x5f8ff9877640 (10 bytes)
1732097808.572452 sending message 112 to peer 0x5f8ff9877640 (10 bytes)
1732097808.572455 sending message 112 to peer 0x5f8ff9877640 (12 bytes)
1732097808.572457 sending message 112 to peer 0x5f8ff9877640 (13 bytes)
1732097808.572460 sending message 112 to peer 0x5f8ff9877640 (13 bytes)
1732097808.572463 sending message 112 to peer 0x5f8ff9877640 (13 bytes)
1732097808.572465 sending message 112 to peer 0x5f8ff9877640 (13 bytes)
1732097808.572468 sending message 112 to peer 0x5f8ff9877640 (13 bytes)
1732097808.572471 sending message 112 to peer 0x5f8ff9877640 (11 bytes)
1732097808.572473 sending message 112 to peer 0x5f8ff9877640 (11 bytes)
1732097808.572476 sending message 112 to peer 0x5f8ff9877640 (12 bytes)
1732097808.572479 sending message 112 to peer 0x5f8ff9877640 (12 bytes)
1732097808.572482 sending message 112 to peer 0x5f8ff9877640 (12 bytes)
1732097808.572484 sending message 112 to peer 0x5f8ff9877640 (12 bytes)
1732097808.572487 sending message 112 to peer 0x5f8ff9877640 (12 bytes)
1732097808.572490 sending message 112 to peer 0x5f8ff9877640 (11 bytes)
1732097808.572492 sending message 112 to peer 0x5f8ff9877640 (12 bytes)
1732097808.572495 sending message 112 to peer 0x5f8ff9877640 (12 bytes)
1732097808.572498 sending message 112 to peer 0x5f8ff9877640 (13 bytes)
1732097808.572501 sending message 112 to peer 0x5f8ff9877640 (13 bytes)
1732097808.572503 sending message 112 to peer 0x5f8ff9877640 (13 bytes)
1732097808.572506 sending message 112 to peer 0x5f8ff9877640 (13 bytes)
1732097808.572509 sending message 112 to peer 0x5f8ff9877640 (13 bytes)
1732097808.572512 sending message 112 to peer 0x5f8ff9877640 (10 bytes)
1732097808.572514 sending message 112 to peer 0x5f8ff9877640 (9 bytes)
1732097808.572517 sending message 112 to peer 0x5f8ff9877640 (12 bytes)
1732097808.572521 sending message 112 to peer 0x5f8ff9877640 (13 bytes)
1732097808.572524 sending message 112 to peer 0x5f8ff9877640 (13 bytes)
1732097808.572527 sending message 112 to peer 0x5f8ff9877640 (13 bytes)
1732097808.572530 sending message 112 to peer 0x5f8ff9877640 (13 bytes)
1732097808.572533 sending message 112 to peer 0x5f8ff9877640 (13 bytes)
1732097808.572540 sending message 112 to peer 0x5f8ff9877640 (9 bytes)
1732097808.572543 sending message 112 to peer 0x5f8ff9877640 (12 bytes)
1732097808.572546 sending message 112 to peer 0x5f8ff9877640 (13 bytes)
1732097808.572549 sending message 112 to peer 0x5f8ff9877640 (13 bytes)
1732097808.572551 sending message 112 to peer 0x5f8ff9877640 (13 bytes)
1732097808.572554 sending message 112 to peer 0x5f8ff9877640 (13 bytes)
1732097808.572557 sending message 112 to peer 0x5f8ff9877640 (13 bytes)
1732097808.572559 sending message 112 to peer 0x5f8ff9877640 (11 bytes)
1732097808.572562 sending message 112 to peer 0x5f8ff9877640 (12 bytes)
1732097808.572565 sending message 112 to peer 0x5f8ff9877640 (13 bytes)
1732097808.572568 sending message 112 to peer 0x5f8ff9877640 (13 bytes)
1732097808.572570 sending message 112 to peer 0x5f8ff9877640 (13 bytes)
1732097808.572573 sending message 112 to peer 0x5f8ff9877640 (13 bytes)
1732097808.572576 sending message 112 to peer 0x5f8ff9877640 (13 bytes)
1732097808.572579 sending message 112 to peer 0x5f8ff9877640 (11 bytes)
1732097808.572582 sending message 112 to peer 0x5f8ff9877640 (12 bytes)
1732097808.572585 sending message 112 to peer 0x5f8ff9877640 (12 bytes)
1732097808.572588 sending message 112 to peer 0x5f8ff9877640 (12 bytes)
1732097808.572592 sending message 112 to peer 0x5f8ff9877640 (12 bytes)
1732097808.572594 sending message 112 to peer 0x5f8ff9877640 (12 bytes)
1732097808.572597 sending message 112 to peer 0x5f8ff9877640 (21 bytes)
1732097808.572600 sending message 112 to peer 0x5f8ff9877640 (12 bytes)
1732097808.572603 sending message 112 to peer 0x5f8ff9877640 (9 bytes)
1732097808.572607 sending message 112 to peer 0x5f8ff9877640 (6 bytes)
1732097808.572610 sending message 112 to peer 0x5f8ff9877640 (13 bytes)
1732097808.572613 sending message 112 to peer 0x5f8ff9877640 (8 bytes)
1732097808.572616 sending message 112 to peer 0x5f8ff9877640 (15 bytes)
1732097808.572619 sending message 112 to peer 0x5f8ff9877640 (13 bytes)
1732097808.572622 sending message 112 to peer 0x5f8ff9877640 (9 bytes)
1732097808.572626 sending message 112 to peer 0x5f8ff9877640 (70 bytes)
1732097808.572629 sending message 112 to peer 0x5f8ff9877640 (69 bytes)
1732097808.572632 sending message 112 to peer 0x5f8ff9877640 (10 bytes)
1732097808.572634 sending message 112 to peer 0x5f8ff9877640 (10 bytes)
1732097808.572637 sending message 112 to peer 0x5f8ff9877640 (8 bytes)
1732097808.572640 sending message 112 to peer 0x5f8ff9877640 (15 bytes)
1732097808.572643 sending message 112 to peer 0x5f8ff9877640 (13 bytes)
1732097808.572646 sending message 112 to peer 0x5f8ff9877640 (10 bytes)
1732097808.572649 sending message 112 to peer 0x5f8ff9877640 (10 bytes)
1732097808.572651 sending message 112 to peer 0x5f8ff9877640 (17 bytes)
1732097808.572654 sending message 112 to peer 0x5f8ff9877640 (10 bytes)
1732097808.572657 sending message 112 to peer 0x5f8ff9877640 (13 bytes)
1732097808.572660 sending message 112 to peer 0x5f8ff9877640 (9 bytes)
1732097808.572664 sending message 112 to peer 0x5f8ff9877640 (5 bytes)
1732097808.572667 sending message 112 to peer 0x5f8ff9877640 (15 bytes)
1732097808.572672 sending message 104 to peer 0x5f8ff9877640 (0 bytes)
1732097808.572675 sending message 110 to peer 0x5f8ff9877640 (0 bytes)
1732097808.572680 sending message 107 to peer 0x5f8ff9877640 (4 bytes)
1732097808.572683 sending message 105 to peer 0x5f8ff9877640 (38 bytes)
1732097808.572687 sending message 105 to peer 0x5f8ff9877640 (55 bytes)
1732097808.572690 sending message 105 to peer 0x5f8ff9877640 (29 bytes)
1732097808.572693 sending message 105 to peer 0x5f8ff9877640 (23 bytes)
1732097808.572696 sending message 105 to peer 0x5f8ff9877640 (20 bytes)
1732097808.572699 sending message 105 to peer 0x5f8ff9877640 (54 bytes)
1732097808.572702 sending message 105 to peer 0x5f8ff9877640 (51 bytes)
1732097808.572705 sending message 105 to peer 0x5f8ff9877640 (23 bytes)
1732097808.572708 sending message 105 to peer 0x5f8ff9877640 (27 bytes)
1732097808.572711 sending message 105 to peer 0x5f8ff9877640 (19 bytes)
1732097808.572717 sending message 105 to peer 0x5f8ff9877640 (11 bytes)
1732097808.572722 sending message 105 to peer 0x5f8ff9877640 (12 bytes)
1732097808.572727 sending message 105 to peer 0x5f8ff9877640 (2530 bytes)
1732097808.572755 sending message 105 to peer 0x5f8ff9877640 (69 bytes)
1732097808.572759 sending message 105 to peer 0x5f8ff9877640 (56 bytes)
1732097808.572763 sending message 105 to peer 0x5f8ff9877640 (109 bytes)
1732097808.572767 sending message 105 to peer 0x5f8ff9877640 (52 bytes)
1732097808.572771 sending message 105 to peer 0x5f8ff9877640 (62 bytes)
1732097808.572774 sending message 105 to peer 0x5f8ff9877640 (70 bytes)
1732097808.572778 sending message 105 to peer 0x5f8ff9877640 (35 bytes)
1732097808.572782 sending message 105 to peer 0x5f8ff9877640 (90 bytes)
1732097808.572786 sending message 105 to peer 0x5f8ff9877640 (19 bytes)
1732097808.572790 sending message 105 to peer 0x5f8ff9877640 (28 bytes)
1732097808.572794 sending message 105 to peer 0x5f8ff9877640 (77 bytes)
1732097808.572798 sending message 105 to peer 0x5f8ff9877640 (36 bytes)
1732097808.572802 sending message 105 to peer 0x5f8ff9877640 (16 bytes)
1732097808.572806 sending message 105 to peer 0x5f8ff9877640 (19 bytes)
1732097808.572811 sending message 105 to peer 0x5f8ff9877640 (47 bytes)
1732097808.572815 sending message 105 to peer 0x5f8ff9877640 (22 bytes)
1732097808.572819 sending message 105 to peer 0x5f8ff9877640 (28 bytes)
1732097808.572824 sending message 105 to peer 0x5f8ff9877640 (22 bytes)
1732097808.572828 sending message 105 to peer 0x5f8ff9877640 (21 bytes)
1732097808.572832 sending message 105 to peer 0x5f8ff9877640 (22 bytes)
1732097808.572837 sending message 105 to peer 0x5f8ff9877640 (17 bytes)
1732097808.572842 sending message 105 to peer 0x5f8ff9877640 (28 bytes)
1732097808.572847 sending message 105 to peer 0x5f8ff9877640 (23 bytes)
1732097808.572852 sending message 105 to peer 0x5f8ff9877640 (30 bytes)
1732097808.572856 sending message 105 to peer 0x5f8ff9877640 (27 bytes)
1732097808.572861 sending message 105 to peer 0x5f8ff9877640 (24 bytes)
1732097808.572866 sending message 105 to peer 0x5f8ff9877640 (20 bytes)
1732097808.572871 sending message 105 to peer 0x5f8ff9877640 (23 bytes)
1732097808.572875 sending message 105 to peer 0x5f8ff9877640 (21 bytes)
1732097808.572879 sending message 105 to peer 0x5f8ff9877640 (25 bytes)
1732097808.572884 sending message 105 to peer 0x5f8ff9877640 (20 bytes)
1732097808.572888 sending message 105 to peer 0x5f8ff9877640 (8 bytes)
1732097808.572892 sending message 105 to peer 0x5f8ff9877640 (16 bytes)
1732097808.572896 sending message 105 to peer 0x5f8ff9877640 (28 bytes)
1732097808.572901 sending message 105 to peer 0x5f8ff9877640 (32 bytes)
1732097808.572906 sending message 105 to peer 0x5f8ff9877640 (1817 bytes)
1732097808.572912 sending message 105 to peer 0x5f8ff9877640 (16 bytes)
1732097808.572916 sending message 105 to peer 0x5f8ff9877640 (54 bytes)
1732097808.572928 sending message 105 to peer 0x5f8ff9877640 (154 bytes)
1732097808.572933 sending message 105 to peer 0x5f8ff9877640 (51 bytes)
1732097808.572938 sending message 105 to peer 0x5f8ff9877640 (62 bytes)
1732097808.572947 sending message 105 to peer 0x5f8ff9877640 (54 bytes)
1732097808.572951 sending message 105 to peer 0x5f8ff9877640 (16 bytes)
1732097808.572957 sending message 105 to peer 0x5f8ff9877640 (27 bytes)
1732097808.572962 sending message 105 to peer 0x5f8ff9877640 (63 bytes)
1732097808.572967 sending message 105 to peer 0x5f8ff9877640 (56 bytes)
1732097808.572971 sending message 105 to peer 0x5f8ff9877640 (12 bytes)
1732097808.572975 sending message 105 to peer 0x5f8ff9877640 (11 bytes)
1732097808.572979 sending message 105 to peer 0x5f8ff9877640 (50 bytes)
1732097808.572985 sending message 105 to peer 0x5f8ff9877640 (600 bytes)
1732097808.572991 sending message 105 to peer 0x5f8ff9877640 (10 bytes)
1732097808.572997 sending message 105 to peer 0x5f8ff9877640 (71 bytes)
1732097808.573002 sending message 105 to peer 0x5f8ff9877640 (62 bytes)
1732097808.573008 sending message 105 to peer 0x5f8ff9877640 (50 bytes)
1732097808.573020 sending message 105 to peer 0x5f8ff9877640 (46 bytes)
1732097808.573025 sending message 105 to peer 0x5f8ff9877640 (53 bytes)
1732097808.573031 sending message 105 to peer 0x5f8ff9877640 (56 bytes)
1732097808.573036 sending message 105 to peer 0x5f8ff9877640 (19 bytes)
1732097808.573041 sending message 105 to peer 0x5f8ff9877640 (30 bytes)
1732097808.573046 sending message 105 to peer 0x5f8ff9877640 (18 bytes)
1732097808.573050 sending message 105 to peer 0x5f8ff9877640 (16 bytes)
1732097808.573056 sending message 105 to peer 0x5f8ff9877640 (112 bytes)
1732097808.573060 sending message 105 to peer 0x5f8ff9877640 (19 bytes)
1732097808.573064 sending message 105 to peer 0x5f8ff9877640 (8 bytes)
1732097808.573069 sending message 105 to peer 0x5f8ff9877640 (30 bytes)
1732097808.573074 sending message 105 to peer 0x5f8ff9877640 (19 bytes)
1732097808.573079 sending message 105 to peer 0x5f8ff9877640 (47 bytes)
1732097808.573084 sending message 105 to peer 0x5f8ff9877640 (22 bytes)
1732097808.573089 sending message 105 to peer 0x5f8ff9877640 (19 bytes)
1732097808.573093 sending message 105 to peer 0x5f8ff9877640 (18 bytes)
1732097808.573097 sending message 105 to peer 0x5f8ff9877640 (25 bytes)
1732097808.573101 sending message 105 to peer 0x5f8ff9877640 (35 bytes)
1732097808.573104 sending message 105 to peer 0x5f8ff9877640 (13 bytes)
1732097808.573107 sending message 105 to peer 0x5f8ff9877640 (54 bytes)
1732097808.573110 sending message 105 to peer 0x5f8ff9877640 (18 bytes)
1732097808.573113 sending message 105 to peer 0x5f8ff9877640 (13 bytes)
1732097808.573116 sending message 105 to peer 0x5f8ff9877640 (18 bytes)
1732097808.573119 sending message 105 to peer 0x5f8ff9877640 (29 bytes)
1732097808.573123 sending message 105 to peer 0x5f8ff9877640 (16 bytes)
1732097808.573126 sending message 105 to peer 0x5f8ff9877640 (29 bytes)
1732097808.573129 sending message 105 to peer 0x5f8ff9877640 (79 bytes)
1732097808.573133 sending message 105 to peer 0x5f8ff9877640 (24 bytes)
1732097808.573136 sending message 105 to peer 0x5f8ff9877640 (140 bytes)
1732097808.573139 sending message 105 to peer 0x5f8ff9877640 (31 bytes)
1732097808.573143 sending message 105 to peer 0x5f8ff9877640 (15 bytes)
1732097808.573146 sending message 105 to peer 0x5f8ff9877640 (52 bytes)
1732097808.573148 sending message 105 to peer 0x5f8ff9877640 (23 bytes)
1732097808.573151 sending message 105 to peer 0x5f8ff9877640 (24 bytes)
1732097808.573154 sending message 105 to peer 0x5f8ff9877640 (17 bytes)
1732097808.573157 sending message 105 to peer 0x5f8ff9877640 (58 bytes)
1732097808.573160 sending message 105 to peer 0x5f8ff9877640 (21 bytes)
1732097808.573163 sending message 105 to peer 0x5f8ff9877640 (11 bytes)
1732097808.573165 sending message 105 to peer 0x5f8ff9877640 (20 bytes)
1732097808.573169 sending message 105 to peer 0x5f8ff9877640 (35 bytes)
1732097808.573174 sending message 105 to peer 0x5f8ff9877640 (43 bytes)
1732097808.573179 sending message 105 to peer 0x5f8ff9877640 (48 bytes)
1732097808.573183 sending message 105 to peer 0x5f8ff9877640 (46 bytes)
1732097808.573188 sending message 105 to peer 0x5f8ff9877640 (32 bytes)
1732097808.573193 sending message 105 to peer 0x5f8ff9877640 (49 bytes)
1732097808.573197 sending message 105 to peer 0x5f8ff9877640 (29 bytes)
1732097808.573200 sending message 105 to peer 0x5f8ff9877640 (29 bytes)
1732097808.573203 sending message 105 to peer 0x5f8ff9877640 (21 bytes)
1732097808.573205 sending message 105 to peer 0x5f8ff9877640 (39 bytes)
1732097808.573208 sending message 105 to peer 0x5f8ff9877640 (32 bytes)
1732097808.573211 sending message 105 to peer 0x5f8ff9877640 (21 bytes)
1732097808.573214 sending message 105 to peer 0x5f8ff9877640 (29 bytes)
1732097808.573217 sending message 105 to peer 0x5f8ff9877640 (16 bytes)
1732097808.573220 sending message 105 to peer 0x5f8ff9877640 (24 bytes)
1732097808.573225 sending message 105 to peer 0x5f8ff9877640 (20 bytes)
1732097808.573229 sending message 105 to peer 0x5f8ff9877640 (49 bytes)
1732097808.573234 sending message 105 to peer 0x5f8ff9877640 (25 bytes)
1732097808.573244 sending message 105 to peer 0x5f8ff9877640 (38 bytes)
1732097808.573247 sending message 105 to peer 0x5f8ff9877640 (35 bytes)
1732097808.573250 sending message 105 to peer 0x5f8ff9877640 (42 bytes)
1732097808.573253 sending message 105 to peer 0x5f8ff9877640 (21 bytes)
1732097808.573256 sending message 105 to peer 0x5f8ff9877640 (10 bytes)
1732097808.573259 sending message 105 to peer 0x5f8ff9877640 (17 bytes)
1732097808.573262 sending message 106 to peer 0x5f8ff9877640 (0 bytes)
1732097808.573332 sending message 200 to peer 0x5f8ff9877640 (4 bytes)
1732097808.573337 client loop enter
1732097808.573941 peer 0x5f8ff9877640 message 303
1732097808.573952 open write file 2 -
1732097808.573960 sending message 305 to peer 0x5f8ff9877640 (8 bytes)
1732097808.573974 write check file 2
1732097808.574041 peer 0x5f8ff9877640 message 304
1732097808.574044 write 58 to file 2
1732097808.574049 peer 0x5f8ff9877640 message 203
1732097808.574052 file 2 58 bytes left
1732097808.574066 write check file 2
1732097808.574068 client loop exit
